This is XeTeX, Version 3.141592653-2.6-0.999994 (TeX Live 2022) (preloaded format=xelatex 2022.11.3)  7 NOV 2022 15:13
entering extended mode
 restricted \write18 enabled.
 %&-line parsing enabled.
**index.tex
(./index.tex
LaTeX2e <2022-11-01>
L3 programming layer <2022-11-02>
\cslhangindent=\skip47
(/Users/mauricio/Library/TinyTeX/texmf-dist/tex/latex/abntex2/abntex2.cls
Document Class: abntex2 2018/11/24 v-1.9.7 abnTeX2
(/Users/mauricio/Library/TinyTeX/texmf-dist/tex/latex/base/ifthen.sty
Package: ifthen 2022/04/13 v1.1d Standard LaTeX ifthen package (DPC)
) (/Users/mauricio/Library/TinyTeX/texmf-dist/tex/latex/memoir/memoir.cls
Document Class: memoir 2022/07/29 v3.7r configurable book, report, article document class
(/Users/mauricio/Library/TinyTeX/texmf-dist/tex/latex/etoolbox/etoolbox.sty
Package: etoolbox 2020/10/05 v2.5k e-TeX tools for LaTeX (JAW)
\etb@tempcnta=\count181
)
\onelineskip=\skip48
\lxvchars=\skip49
\xlvchars=\skip50
\@memcnta=\count182
\c@@memmarkcntra=\count183
(/Users/mauricio/Library/TinyTeX/texmf-dist/tex/generic/iftex/iftex.sty
Package: iftex 2022/02/03 v1.0f TeX engine tests
)
\stockheight=\skip51
\stockwidth=\skip52
\trimtop=\skip53
\trimedge=\skip54
(/Users/mauricio/Library/TinyTeX/texmf-dist/tex/latex/memoir/mem12.clo
File: mem12.clo 2022/07/29 v0.5 memoir class 12pt size option
)
\binding=\skip55
\spinemargin=\skip56
\foremargin=\skip57
\uppermargin=\skip58
\lowermargin=\skip59
\headdrop=\skip60
\normalrulethickness=\skip61
\mem@maxheadheight=\skip62
\mem@maxfootheight=\skip63
\headwidth=\skip64
\c@storedpagenumber=\count184
\memPD=\dimen140
\m@mabparskip=\skip65
\thanksmarkwidth=\skip66
\thanksmarksep=\skip67
\droptitle=\skip68
\c@book=\count185
\c@part=\count186
\c@chapter=\count187
\c@section=\count188
\c@subsection=\count189
\c@subsubsection=\count190
\c@paragraph=\count191
\c@subparagraph=\count192
\beforechapskip=\skip69
\midchapskip=\skip70
\afterchapskip=\skip71
\chapindent=\skip72
\bottomsectionskip=\skip73
\secindent=\skip74
\beforesecskip=\skip75
\aftersecskip=\skip76
\subsecindent=\skip77
\beforesubsecskip=\skip78
\aftersubsecskip=\skip79
\subsubsecindent=\skip80
\beforesubsubsecskip=\skip81
\aftersubsubsecskip=\skip82
\paraindent=\skip83
\beforeparaskip=\skip84
\afterparaskip=\skip85
\subparaindent=\skip86
\beforesubparaskip=\skip87
\aftersubparaskip=\skip88
\pfbreakskip=\skip89
\c@@ppsavesec=\count193
\c@@ppsaveapp=\count194
\ragrparindent=\dimen141
\everylistparindent=\dimen142
\parsepi=\skip90
\topsepi=\skip91
\itemsepi=\skip92
\parsepii=\skip93
\topsepii=\skip94
\topsepiii=\skip95
\itemsepii=\skip96
\itemsepiii=\skip97
\partopsepii=\skip98
\partopsepiii=\skip99
\m@msavetopsep=\skip100
\m@msavepartopsep=\skip101
\@enLab=\toks16
\abstitleskip=\skip102
\absleftindent=\skip103
\abs@leftindent=\dimen143
\absrightindent=\skip104
\absparindent=\skip105
\absparsep=\skip106
\c@vslineno=\count195
\c@poemline=\count196
\c@modulo@vs=\count197
\c@memfvsline=\count198
\vleftskip=\skip107
\vrightskip=\skip108
\stanzaskip=\skip109
\versewidth=\skip110
\vgap=\skip111
\vindent=\skip112
\vleftmargin=\dimen144
\c@verse=\count199
\c@chrsinstr=\count266
\beforepoemtitleskip=\skip113
\afterpoemtitleskip=\skip114
\c@poem=\count267
\beforePoemTitleskip=\skip115
\midPoemTitleskip=\skip116
\afterPoemTitleskip=\skip117
(/Users/mauricio/Library/TinyTeX/texmf-dist/tex/latex/tools/array.sty
Package: array 2022/09/04 v2.5g Tabular extension package (FMi)
\col@sep=\dimen145
\ar@mcellbox=\box51
\extrarowheight=\dimen146
\NC@list=\toks17
\extratabsurround=\skip118
\backup@length=\skip119
\ar@cellbox=\box52
) (/Users/mauricio/Library/TinyTeX/texmf-dist/tex/latex/tools/dcolumn.sty
Package: dcolumn 2014/10/28 v1.06 decimal alignment package (DPC)
) (/Users/mauricio/Library/TinyTeX/texmf-dist/tex/latex/tools/delarray.sty
Package: delarray 2014/10/28 v1.01 array delimiter package (DPC)
) (/Users/mauricio/Library/TinyTeX/texmf-dist/tex/latex/tools/tabularx.sty
Package: tabularx 2020/01/15 v2.11c `tabularx' package (DPC)
\TX@col@width=\dimen147
\TX@old@table=\dimen148
\TX@old@col=\dimen149
\TX@target=\dimen150
\TX@delta=\dimen151
\TX@cols=\count268
\TX@ftn=\toks18
)
\heavyrulewidth=\dimen152
\lightrulewidth=\dimen153
\cmidrulewidth=\dimen154
\belowrulesep=\dimen155
\belowbottomsep=\dimen156
\aboverulesep=\dimen157
\abovetopsep=\dimen158
\cmidrulesep=\dimen159
\cmidrulekern=\dimen160
\defaultaddspace=\dimen161
\@cmidla=\count269
\@cmidlb=\count270
\@aboverulesep=\dimen162
\@belowrulesep=\dimen163
\@thisruleclass=\count271
\@lastruleclass=\count272
\@thisrulewidth=\dimen164
\ctableftskip=\skip120
\ctabrightskip=\skip121
\abovecolumnspenalty=\count273
\@linestogo=\count274
\@cellstogo=\count275
\@cellsincolumn=\count276
\crtok=\toks19
\@mincolumnwidth=\dimen165
\c@newflo@tctr=\count277
\mem@margin@floatbox=\box53
\@contcwidth=\skip122
\@contindw=\skip123
\abovecaptionskip=\skip124
\belowcaptionskip=\skip125
\subfloattopskip=\skip126
\subfloatcapskip=\skip127
\subfloatcaptopadj=\skip128
\subfloatbottomskip=\skip129
\subfloatlabelskip=\skip130
\subfloatcapmargin=\dimen166
\c@@contsubnum=\count278
\m@mscap@capbox=\box54
\m@mscap@fbox=\box55
\sidecapsep=\dimen167
\sidecapwidth=\dimen168
\m@m@tempdima=\dimen169
\m@mscapraise=\dimen170
\sidecapraise=\dimen171
\m@mscapmainwidth=\dimen172
\m@mscaplkern=\dimen173
\beforeepigraphskip=\skip131
\afterepigraphskip=\skip132
\epigraphwidth=\skip133
\epigraphrule=\skip134
LaTeX Info: Redefining \em on input line 7655.
LaTeX Info: Redefining \emph on input line 7663.
\tocentryskip=\skip135
\tocbaseline=\skip136
\cftparskip=\skip137
\cftbeforebookskip=\skip138
\cftbookindent=\dimen174
\cftbooknumwidth=\dimen175
\cftbeforepartskip=\skip139
\cftpartindent=\skip140
\cftpartnumwidth=\skip141
\cftbeforechapterskip=\skip142
\cftchapterindent=\skip143
\cftchapternumwidth=\skip144
\cftbeforesectionskip=\skip145
\cftsectionindent=\skip146
\cftsectionnumwidth=\skip147
\cftbeforesubsectionskip=\skip148
\cftsubsectionindent=\skip149
\cftsubsectionnumwidth=\skip150
\cftbeforesubsubsectionskip=\skip151
\cftsubsubsectionindent=\skip152
\cftsubsubsectionnumwidth=\skip153
\cftbeforeparagraphskip=\skip154
\cftparagraphindent=\skip155
\cftparagraphnumwidth=\skip156
\cftbeforesubparagraphskip=\skip157
\cftsubparagraphindent=\skip158
\cftsubparagraphnumwidth=\skip159
\prechapterprecisshift=\dimen176
\c@maxsecnumdepth=\count279
\bibindent=\dimen177
\bibitemsep=\skip160
\indexcolsep=\skip161
\indexrule=\skip162
\indexmarkstyle=\toks20
\@indexbox=\insert252
\glossarycolsep=\dimen178
\glossaryrule=\dimen179
\sideparvshift=\skip163
\sideins=\insert251
\sidebartopsep=\skip164
\sidebarhsep=\skip165
\sidebarvsep=\skip166
\sidebarwidth=\skip167
\footmarkwidth=\skip168
\footmarksep=\skip169
\footparindent=\skip170
\footinsdim=\skip171
\footinsv@r=\insert250
\@mpfootinsv@r=\insert249
\m@m@k=\count280
\m@m@h=\dimen180
\m@mipn@skip=\skip172
\sidefootins=\insert248
\sidefootadjust=\skip173
\sidefootheight=\skip174
\sidefoothsep=\skip175
\sidefootvsep=\skip176
\sidefootwidth=\skip177
\m@mdownsf=\skip178
\c@sidefootnote=\count281
\sidefootmarkwidth=\skip179
\sidefootmarksep=\skip180
\sidefootparindent=\skip181
\c@pagenote=\count282
\c@pagenoteshadow=\count283
\mem@pn@lastkern=\skip182
\every@verbatim=\toks21
\afterevery@verbatim=\toks22
\verbatim@line=\toks23
\tab@position=\count284
\verbatim@in@stream=\read2
\verbatimindent=\skip183
\verbatim@out=\write3
\bvboxsep=\skip184
\c@memfbvline=\count285
\c@bvlinectr=\count286
\bvnumlength=\skip185
\fb@frw=\dimen181
\fb@frh=\dimen182
\FrameRule=\dimen183
\FrameSep=\dimen184
\c@cp@cntr=\count287
\c@ism@mctr=\count288
\c@xsm@mctr=\count289
\c@csm@mctr=\count290
\c@ksm@mctr=\count291
\c@xksm@mctr=\count292
\c@cksm@mctr=\count293
\c@msm@mctr=\count294
\c@xmsm@mctr=\count295
\c@cmsm@mctr=\count296
\c@bsm@mctr=\count297
\c@workm@mctr=\count298
\c@sheetsequence=\count299
\c@lastsheet=\count300
\c@lastpage=\count301
(/Users/mauricio/Library/TinyTeX/texmf-dist/tex/latex/textcase/textcase.sty
Package: textcase 2022/07/10 v1.03 Text only upper/lower case changing (DPC)
Package textcase Info: Defining Legacy names on input line 20.
)
\c@figure=\count302
\c@lofdepth=\count303
\cftbeforefigureskip=\skip186
\cftfigureindent=\skip187
\cftfigurenumwidth=\skip188
\c@table=\count304
\c@lotdepth=\count305
\cftbeforetableskip=\skip189
\cfttableindent=\skip190
\cfttablenumwidth=\skip191
Package abstract [2008/07/23] emulated by memoir.
Package appendix [2008/07/23] emulated by memoir.
Package booktabs [2016/05/16] emulated by memoir.
Package ccaption [2008/07/23] emulated by memoir.
Package changepage [2008/07/23] emulated by memoir.
Package chngcntr [2008/07/23] emulated by memoir.
Package chngpage [2008/07/23] emulated by memoir.
Package crop emulated by memoir.
Package enumerate [2008/07/23] emulated by memoir.
Package epigraph [2008/07/23] emulated by memoir.
Package ifmtarg [2008/07/23] emulated by memoir.
Package index [2008/07/23] emulated by memoir.
Package makeidx [2008/07/23] emulated by memoir.
Package moreverb [2008/07/23] emulated by memoir.
Package needspace [2008/07/23] emulated by memoir.
Package newfile [2008/07/23] emulated by memoir.
Package nextpage [2008/07/23] emulated by memoir.
Package pagenote [2008/07/23] emulated by memoir.
Package parskip [2008/07/23] emulated by memoir.
Package patchcmd [2008/07/23] emulated by memoir.
Package setspace [2008/07/23] emulated by memoir.
Package shortvrb [2008/07/23] emulated by memoir.
Package showidx [2008/07/23] emulated by memoir.
Package titleref [2008/07/23] emulated by memoir.
Package titling [2008/07/23] emulated by memoir.
Package tocbibind [2008/07/23] emulated by memoir.
Package tocloft [2008/07/23] emulated by memoir.
Package tocvsec2 [2008/07/23] emulated by memoir.
Package verbatim [2008/07/23] emulated by memoir.
Package verse [2008/07/23] emulated by memoir.
) (/Users/mauricio/Library/TinyTeX/texmf-dist/tex/latex/hyperref/hyperref.sty
Package: hyperref 2022-09-22 v7.00t Hypertext links for LaTeX
(/Users/mauricio/Library/TinyTeX/texmf-dist/tex/generic/ltxcmds/ltxcmds.sty
Package: ltxcmds 2020-05-10 v1.25 LaTeX kernel commands for general use (HO)
) (/Users/mauricio/Library/TinyTeX/texmf-dist/tex/generic/pdftexcmds/pdftexcmds.sty
Package: pdftexcmds 2020-06-27 v0.33 Utility functions of pdfTeX for LuaTeX (HO)
(/Users/mauricio/Library/TinyTeX/texmf-dist/tex/generic/infwarerr/infwarerr.sty
Package: infwarerr 2019/12/03 v1.5 Providing info/warning/error messages (HO)
)
Package pdftexcmds Info: \pdf@primitive is available.
Package pdftexcmds Info: \pdf@ifprimitive is available.
Package pdftexcmds Info: \pdfdraftmode not found.
) (/Users/mauricio/Library/TinyTeX/texmf-dist/tex/latex/graphics/keyval.sty
Package: keyval 2022/05/29 v1.15 key=value parser (DPC)
\KV@toks@=\toks24
) (/Users/mauricio/Library/TinyTeX/texmf-dist/tex/latex/kvsetkeys/kvsetkeys.sty
Package: kvsetkeys 2022-10-05 v1.19 Key value parser (HO)
) (/Users/mauricio/Library/TinyTeX/texmf-dist/tex/generic/kvdefinekeys/kvdefinekeys.sty
Package: kvdefinekeys 2019-12-19 v1.6 Define keys (HO)
) (/Users/mauricio/Library/TinyTeX/texmf-dist/tex/generic/pdfescape/pdfescape.sty
Package: pdfescape 2019/12/09 v1.15 Implements pdfTeX's escape features (HO)
) (/Users/mauricio/Library/TinyTeX/texmf-dist/tex/latex/hycolor/hycolor.sty
Package: hycolor 2020-01-27 v1.10 Color options for hyperref/bookmark (HO)
) (/Users/mauricio/Library/TinyTeX/texmf-dist/tex/latex/letltxmacro/letltxmacro.sty
Package: letltxmacro 2019/12/03 v1.6 Let assignment for LaTeX macros (HO)
) (/Users/mauricio/Library/TinyTeX/texmf-dist/tex/latex/auxhook/auxhook.sty
Package: auxhook 2019-12-17 v1.6 Hooks for auxiliary files (HO)
) (/Users/mauricio/Library/TinyTeX/texmf-dist/tex/latex/hyperref/nameref.sty
Package: nameref 2022-05-17 v2.50 Cross-referencing by name of section
(/Users/mauricio/Library/TinyTeX/texmf-dist/tex/latex/refcount/refcount.sty
Package: refcount 2019/12/15 v3.6 Data extraction from label references (HO)
) (/Users/mauricio/Library/TinyTeX/texmf-dist/tex/generic/gettitlestring/gettitlestring.sty
Package: gettitlestring 2019/12/15 v1.6 Cleanup title references (HO)
(/Users/mauricio/Library/TinyTeX/texmf-dist/tex/latex/kvoptions/kvoptions.sty
Package: kvoptions 2022-06-15 v3.15 Key value format for package options (HO)
))
\c@section@level=\count306
)
\@linkdim=\dimen185
\Hy@linkcounter=\count307
\Hy@pagecounter=\count308
(/Users/mauricio/Library/TinyTeX/texmf-dist/tex/latex/hyperref/pd1enc.def
File: pd1enc.def 2022-09-22 v7.00t Hyperref: PDFDocEncoding definition (HO)
) (/Users/mauricio/Library/TinyTeX/texmf-dist/tex/generic/intcalc/intcalc.sty
Package: intcalc 2019/12/15 v1.3 Expandable calculations with integers (HO)
) (/Users/mauricio/Library/TinyTeX/texmf-dist/tex/generic/etexcmds/etexcmds.sty
Package: etexcmds 2019/12/15 v1.7 Avoid name clashes with e-TeX commands (HO)
)
\Hy@SavedSpaceFactor=\count309
(/Users/mauricio/Library/TinyTeX/texmf-dist/tex/latex/hyperref/puenc.def
File: puenc.def 2022-09-22 v7.00t Hyperref: PDF Unicode definition (HO)
)
Package hyperref Info: Hyper figures OFF on input line 4162.
Package hyperref Info: Link nesting OFF on input line 4167.
Package hyperref Info: Hyper index ON on input line 4170.
Package hyperref Info: Plain pages OFF on input line 4177.
Package hyperref Info: Backreferencing OFF on input line 4182.
Package hyperref Info: Implicit mode ON; LaTeX internals redefined.
Package hyperref Info: Bookmarks ON on input line 4410.
\c@Hy@tempcnt=\count310
(/Users/mauricio/Library/TinyTeX/texmf-dist/tex/latex/url/url.sty
\Urlmuskip=\muskip16
Package: url 2013/09/16  ver 3.4  Verb mode for urls, etc.
)
LaTeX Info: Redefining \url on input line 4748.
\XeTeXLinkMargin=\dimen186
(/Users/mauricio/Library/TinyTeX/texmf-dist/tex/generic/bitset/bitset.sty
Package: bitset 2019/12/09 v1.3 Handle bit-vector datatype (HO)
(/Users/mauricio/Library/TinyTeX/texmf-dist/tex/generic/bigintcalc/bigintcalc.sty
Package: bigintcalc 2019/12/15 v1.5 Expandable calculations on big integers (HO)
))
\Fld@menulength=\count311
\Field@Width=\dimen187
\Fld@charsize=\dimen188
Package hyperref Info: Hyper figures OFF on input line 6027.
Package hyperref Info: Link nesting OFF on input line 6032.
Package hyperref Info: Hyper index ON on input line 6035.
Package hyperref Info: backreferencing OFF on input line 6042.
Package hyperref Info: Link coloring OFF on input line 6047.
Package hyperref Info: Link coloring with OCG OFF on input line 6052.
Package hyperref Info: PDF/A mode OFF on input line 6057.
(/Users/mauricio/Library/TinyTeX/texmf-dist/tex/latex/base/atbegshi-ltx.sty
Package: atbegshi-ltx 2021/01/10 v1.0c Emulation of the original atbegshi
package with kernel methods
)
\Hy@abspage=\count312
\c@Item=\count313
\c@Hfootnote=\count314
)
Package hyperref Info: Driver (autodetected): hxetex.
(/Users/mauricio/Library/TinyTeX/texmf-dist/tex/latex/hyperref/hxetex.def
File: hxetex.def 2022-09-22 v7.00t Hyperref driver for XeTeX
(/Users/mauricio/Library/TinyTeX/texmf-dist/tex/generic/stringenc/stringenc.sty
Package: stringenc 2019/11/29 v1.12 Convert strings between diff. encodings (HO)
)
\pdfm@box=\box56
\c@Hy@AnnotLevel=\count315
\HyField@AnnotCount=\count316
\Fld@listcount=\count317
\c@bookmark@seq@number=\count318
(/Users/mauricio/Library/TinyTeX/texmf-dist/tex/latex/rerunfilecheck/rerunfilecheck.sty
Package: rerunfilecheck 2022-07-10 v1.10 Rerun checks for auxiliary files (HO)
(/Users/mauricio/Library/TinyTeX/texmf-dist/tex/latex/base/atveryend-ltx.sty
Package: atveryend-ltx 2020/08/19 v1.0a Emulation of the original atveryend package
with kernel methods
) (/Users/mauricio/Library/TinyTeX/texmf-dist/tex/generic/uniquecounter/uniquecounter.sty
Package: uniquecounter 2019/12/15 v1.4 Provide unlimited unique counter (HO)
)
Package uniquecounter Info: New unique counter `rerunfilecheck' on input line 285.
)
\Hy@SectionHShift=\skip192
) (/Users/mauricio/Library/TinyTeX/texmf-dist/tex/latex/memoir/memhfixc.sty
Package: memhfixc 2021/06/16 v1.19 nameref/hyperref package fixes for memoir class
Redoing nameref's sectioning
Redoing nameref's label
LaTeX Info: Redefining \nameref on input line 102.
\c@memhycontfloat=\count319
\c@Hpagenote=\count320
) (/Users/mauricio/Library/TinyTeX/texmf-dist/tex/latex/bookmark/bookmark.sty
Package: bookmark 2020-11-06 v1.29 PDF bookmarks (HO)
(/Users/mauricio/Library/TinyTeX/texmf-dist/tex/latex/bookmark/bkm-dvipdfm.def
File: bkm-dvipdfm.def 2020-11-06 v1.29 bookmark driver for dvipdfm (HO)
\BKM@id=\count321
)) (/Users/mauricio/Library/TinyTeX/texmf-dist/tex/generic/babel/babel.sty
Package: babel 2022/10/23 3.82 The Babel package
\babel@savecnt=\count322
\U@D=\dimen189
\l@unhyphenated=\language5
(/Users/mauricio/Library/TinyTeX/texmf-dist/tex/generic/babel/xebabel.def (/Users/mauricio/Library/TinyTeX/texmf-dist/tex/generic/babel/txtbabel.def))
\bbl@readstream=\read3
\bbl@dirlevel=\count323
(/Users/mauricio/Library/TinyTeX/texmf-dist/tex/generic/babel-english/english.ldf
Language: english 2017/06/06 v3.3r English support from the babel system
Package babel Info: Hyphen rules for 'british' set to \l@english
(babel)             (\language0). Reported on input line 82.
Package babel Info: Hyphen rules for 'UKenglish' set to \l@english
(babel)             (\language0). Reported on input line 83.
Package babel Info: Hyphen rules for 'canadian' set to \l@english
(babel)             (\language0). Reported on input line 102.
Package babel Info: Hyphen rules for 'australian' set to \l@english
(babel)             (\language0). Reported on input line 105.
Package babel Info: Hyphen rules for 'newzealand' set to \l@english
(babel)             (\language0). Reported on input line 108.
) (/Users/mauricio/Library/TinyTeX/texmf-dist/tex/generic/babel-portuges/brazil.ldf
Language: portuges 2021/07/09 v1.2t Portuguese support from the babel system
Package babel Info: Hyphen rules for 'brazil' set to \l@portuguese
(babel)             (\language4). Reported on input line 111.
Package babel Info: Making " an active character on input line 143.
)) (/Users/mauricio/Library/TinyTeX/texmf-dist/tex/generic/babel/locale/en/babel-english.tex
Package babel Info: Importing font and identification data for english
(babel)             from babel-en.ini. Reported on input line 11.
) (/Users/mauricio/Library/TinyTeX/texmf-dist/tex/latex/enumitem/enumitem.sty
Package: enumitem 2019/06/20 v3.9 Customized lists
\labelindent=\skip193
\enit@outerparindent=\dimen190
\enit@toks=\toks25
\enit@inbox=\box57
\enit@count@id=\count324
\enitdp@description=\count325
) (/Users/mauricio/Library/TinyTeX/texmf-dist/tex/latex/tools/calc.sty
Package: calc 2017/05/25 v4.3 Infix arithmetic (KKT,FJ)
\calc@Acount=\count326
\calc@Bcount=\count327
\calc@Adimen=\dimen191
\calc@Bdimen=\dimen192
\calc@Askip=\skip194
\calc@Bskip=\skip195
LaTeX Info: Redefining \setlength on input line 80.
LaTeX Info: Redefining \addtolength on input line 81.
\calc@Ccount=\count328
\calc@Cskip=\skip196
)

******************************************************
Stock height and width: 845.04684pt by 597.50787pt
Top and edge trims: 0pt and 0pt
Page height and width: 845.04684pt by 597.50787pt
Text height and width: 708pt by 455pt
Spine and edge margins: 85.35826pt and 56.9055pt
Upper and lower margins: 85.35826pt and 51.68858pt
Headheight and headsep: 14.5pt and 19.8738pt
Footskip: 30pt
Columnsep and columnseprule: 10pt and 0pt
Marginparsep and marginparwidth: 7pt and 42.9055pt
Sidecapsep and sidecapwidth: 7pt and 42pt
Sidebarhsep and sidebarwidth: 7pt and 42pt
Sidebarvsep and sidebartopsep: 14.5pt and 0pt
Sidebarheight: 590.14995pt
Sidefoothsep and sidefootwidth: 7pt and 42pt
Sidefootvsep and sidefootheight: 14.5pt and 590.14995pt
******************************************************

\c@abntex@bookmarkcounter=\count329
\cftlastnumwidth=\skip197
\chapternamenumlength=\skip198
\ABNTEXcitacaorecuo=\skip199
\c@alineasi=\count330
\c@alineasii=\count331
\enitdp@alineas=\count332
\c@subalineasi=\count333
\enitdp@subalineas=\count334
\c@incisosi=\count335
\enitdp@incisos=\count336
\ABNTEXsignwidth=\skip256
\ABNTEXsignthickness=\skip257
\ABNTEXsignskip=\skip258
) (./setup/ufscthesisA4-alf.sty (/Users/mauricio/Library/TinyTeX/texmf-dist/tex/latex/base/fontenc.sty
Package: fontenc 2021/04/29 v2.0v Standard LaTeX package
LaTeX Font Info:    Trying to load font information for T1+lmr on input line 112.
(/Users/mauricio/Library/TinyTeX/texmf-dist/tex/latex/lm/t1lmr.fd
File: t1lmr.fd 2015/05/01 v1.6.1 Font defs for Latin Modern
)) (/Users/mauricio/Library/TinyTeX/texmf-dist/tex/latex/psnfss/helvet.sty
Package: helvet 2020/03/25 PSNFSS-v9.3 (WaS) 
) (/Users/mauricio/Library/TinyTeX/texmf-dist/tex/latex/base/inputenc.sty
Package: inputenc 2021/02/14 v1.3d Input encoding file
\inpenc@prehook=\toks26
\inpenc@posthook=\toks27

Package inputenc Warning: inputenc package ignored with utf8 based engines.

) (/Users/mauricio/Library/TinyTeX/texmf-dist/tex/latex/tools/indentfirst.sty
Package: indentfirst 1995/11/23 v1.03 Indent first paragraph (DPC)
) (/Users/mauricio/Library/TinyTeX/texmf-dist/tex/latex/graphics/color.sty
Package: color 2022/01/06 v1.3d Standard LaTeX Color (DPC)
(/Users/mauricio/Library/TinyTeX/texmf-dist/tex/latex/graphics-cfg/color.cfg
File: color.cfg 2016/01/02 v1.6 sample color configuration
)
Package color Info: Driver file: xetex.def on input line 149.
(/Users/mauricio/Library/TinyTeX/texmf-dist/tex/latex/graphics-def/xetex.def
File: xetex.def 2022/09/22 v5.0n Graphics/color driver for xetex
) (/Users/mauricio/Library/TinyTeX/texmf-dist/tex/latex/graphics/mathcolor.ltx)) (/Users/mauricio/Library/TinyTeX/texmf-dist/tex/latex/graphics/graphicx.sty
Package: graphicx 2021/09/16 v1.2d Enhanced LaTeX Graphics (DPC,SPQR)
(/Users/mauricio/Library/TinyTeX/texmf-dist/tex/latex/graphics/graphics.sty
Package: graphics 2022/03/10 v1.4e Standard LaTeX Graphics (DPC,SPQR)
(/Users/mauricio/Library/TinyTeX/texmf-dist/tex/latex/graphics/trig.sty
Package: trig 2021/08/11 v1.11 sin cos tan (DPC)
) (/Users/mauricio/Library/TinyTeX/texmf-dist/tex/latex/graphics-cfg/graphics.cfg
File: graphics.cfg 2016/06/04 v1.11 sample graphics configuration
)
Package graphics Info: Driver file: xetex.def on input line 107.
)
\Gin@req@height=\dimen193
\Gin@req@width=\dimen194
) (/Users/mauricio/Library/TinyTeX/texmf-dist/tex/latex/microtype/microtype.sty
Package: microtype 2022/06/23 v3.0f Micro-typographical refinements (RS)
\MT@toks=\toks28
\MT@tempbox=\box58
\MT@count=\count337
LaTeX Info: Redefining \noprotrusionifhmode on input line 1045.
LaTeX Info: Redefining \leftprotrusion on input line 1046.
LaTeX Info: Redefining \rightprotrusion on input line 1056.
LaTeX Info: Redefining \textls on input line 1234.
\MT@outer@kern=\dimen195
LaTeX Info: Redefining \textmicrotypecontext on input line 1858.
\MT@listname@count=\count338
(/Users/mauricio/Library/TinyTeX/texmf-dist/tex/latex/microtype/microtype-xetex.def
File: microtype-xetex.def 2022/06/23 v3.0f Definitions specific to xetex (RS)
LaTeX Info: Redefining \lsstyle on input line 236.
)
Package microtype Info: Loading configuration file microtype.cfg.
(/Users/mauricio/Library/TinyTeX/texmf-dist/tex/latex/microtype/microtype.cfg
File: microtype.cfg 2022/06/23 v3.0f microtype main configuration file (RS)
)) (/Users/mauricio/Library/TinyTeX/texmf-dist/tex/latex/pdfpages/pdfpages.sty
Package: pdfpages 2022/10/09 v0.5w Insert pages of external PDF documents (AM)
(/Users/mauricio/Library/TinyTeX/texmf-dist/tex/latex/eso-pic/eso-pic.sty
Package: eso-pic 2020/10/14 v3.0a eso-pic (RN)
\ESO@tempdima=\dimen196
\ESO@tempdimb=\dimen197
)
\AM@pagewidth=\dimen198
\AM@pageheight=\dimen199
\AM@fboxrule=\dimen256
(/Users/mauricio/Library/TinyTeX/texmf-dist/tex/latex/pdfpages/ppxetex.def
File: ppxetex.def 2022/10/09 v0.5w Pdfpages driver for XeTeX (AM)
)
\pdfpages@includegraphics@status=\count339
\AM@pagebox=\box59
\AM@global@opts=\toks29
\AM@pagecnt=\count340
\AM@toc@title=\toks30
\c@AM@survey=\count341
\AM@templatesizebox=\box60
) (/Users/mauricio/Library/TinyTeX/texmf-dist/tex/latex/csquotes/csquotes.sty
Package: csquotes 2022-09-14 v5.2n context-sensitive quotations (JAW)
\csq@reset=\count342
\csq@gtype=\count343
\csq@glevel=\count344
\csq@qlevel=\count345
\csq@maxlvl=\count346
\csq@tshold=\count347
\csq@ltx@everypar=\toks31
(/Users/mauricio/Library/TinyTeX/texmf-dist/tex/latex/csquotes/csquotes.def
File: csquotes.def 2022-09-14 v5.2n csquotes generic definitions (JAW)
)
Package csquotes Info: Trying to load configuration file 'csquotes.cfg'...
Package csquotes Info: ... configuration file loaded successfully.
(/Users/mauricio/Library/TinyTeX/texmf-dist/tex/latex/csquotes/csquotes.cfg
File: csquotes.cfg 
)) (/Users/mauricio/Library/TinyTeX/texmf-dist/tex/latex/glossaries/base/glossaries.sty
Package: glossaries 2022/11/03 v4.52 (NLCT)
(/Users/mauricio/Library/TinyTeX/texmf-dist/tex/latex/xkeyval/xkeyval.sty
Package: xkeyval 2022/06/16 v2.9 package option processing (HA)
(/Users/mauricio/Library/TinyTeX/texmf-dist/tex/generic/xkeyval/xkeyval.tex (/Users/mauricio/Library/TinyTeX/texmf-dist/tex/generic/xkeyval/xkvutils.tex
\XKV@toks=\toks32
\XKV@tempa@toks=\toks33
)
\XKV@depth=\count348
File: xkeyval.tex 2014/12/03 v2.7a key=value parser (HA)
)) (/Users/mauricio/Library/TinyTeX/texmf-dist/tex/latex/mfirstuc/mfirstuc.sty
Package: mfirstuc 2022/10/14 v2.08 (NLCT)
\@glsmfirst=\toks34
\@glsmrest=\toks35
) (/Users/mauricio/Library/TinyTeX/texmf-dist/tex/latex/xfor/xfor.sty
Package: xfor 2009/02/05 v1.05 (NLCT)
) (/Users/mauricio/Library/TinyTeX/texmf-dist/tex/latex/datatool/datatool-base.sty
Package: datatool-base 2019/09/27 v2.32 (NLCT)
(/Users/mauricio/Library/TinyTeX/texmf-dist/tex/latex/amsmath/amsmath.sty
Package: amsmath 2022/04/08 v2.17n AMS math features
\@mathmargin=\skip259
For additional information on amsmath, use the `?' option.
(/Users/mauricio/Library/TinyTeX/texmf-dist/tex/latex/amsmath/amstext.sty
Package: amstext 2021/08/26 v2.01 AMS text
(/Users/mauricio/Library/TinyTeX/texmf-dist/tex/latex/amsmath/amsgen.sty
File: amsgen.sty 1999/11/30 v2.0 generic functions
\@emptytoks=\toks36
\ex@=\dimen257
)) (/Users/mauricio/Library/TinyTeX/texmf-dist/tex/latex/amsmath/amsbsy.sty
Package: amsbsy 1999/11/29 v1.2d Bold Symbols
\pmbraise@=\dimen258
) (/Users/mauricio/Library/TinyTeX/texmf-dist/tex/latex/amsmath/amsopn.sty
Package: amsopn 2022/04/08 v2.04 operator names
)
\inf@bad=\count349
LaTeX Info: Redefining \frac on input line 234.
\uproot@=\count350
\leftroot@=\count351
LaTeX Info: Redefining \overline on input line 399.
LaTeX Info: Redefining \colon on input line 410.
\classnum@=\count352
\DOTSCASE@=\count353
LaTeX Info: Redefining \ldots on input line 496.
LaTeX Info: Redefining \dots on input line 499.
LaTeX Info: Redefining \cdots on input line 620.
\Mathstrutbox@=\box61
\strutbox@=\box62
LaTeX Info: Redefining \big on input line 722.
LaTeX Info: Redefining \Big on input line 723.
LaTeX Info: Redefining \bigg on input line 724.
LaTeX Info: Redefining \Bigg on input line 725.
\big@size=\dimen259
LaTeX Font Info:    Redeclaring font encoding OML on input line 743.
LaTeX Font Info:    Redeclaring font encoding OMS on input line 744.
\macc@depth=\count354
LaTeX Info: Redefining \bmod on input line 905.
LaTeX Info: Redefining \pmod on input line 910.
LaTeX Info: Redefining \smash on input line 940.
LaTeX Info: Redefining \relbar on input line 970.
LaTeX Info: Redefining \Relbar on input line 971.
\c@MaxMatrixCols=\count355
\dotsspace@=\muskip17
\c@parentequation=\count356
\dspbrk@lvl=\count357
\tag@help=\toks37
\row@=\count358
\column@=\count359
\maxfields@=\count360
\andhelp@=\toks38
\eqnshift@=\dimen260
\alignsep@=\dimen261
\tagshift@=\dimen262
\tagwidth@=\dimen263
\totwidth@=\dimen264
\lineht@=\dimen265
\@envbody=\toks39
\multlinegap=\skip260
\multlinetaggap=\skip261
\mathdisplay@stack=\toks40
LaTeX Info: Redefining \[ on input line 2953.
LaTeX Info: Redefining \] on input line 2954.
) (/Users/mauricio/Library/TinyTeX/texmf-dist/tex/latex/substr/substr.sty
Package: substr 2009/10/20 v1.2 Handle substrings
\c@su@anzahl=\count361
) (/Users/mauricio/Library/TinyTeX/texmf-dist/tex/latex/datatool/datatool-fp.sty
Package: datatool-fp 2019/09/27 v2.32 (NLCT)
(/Users/mauricio/Library/TinyTeX/texmf-dist/tex/latex/fp/fp.sty
Package: fp 1995/04/02
`Fixed Point Package', Version 0.8, April 2, 1995 (C) Michael Mehlich (/Users/mauricio/Library/TinyTeX/texmf-dist/tex/latex/fp/defpattern.sty
Package: defpattern 1994/10/12
\actioncount=\count362
) (/Users/mauricio/Library/TinyTeX/texmf-dist/tex/latex/fp/fp-basic.sty
Package: fp-basic 1996/05/13
\FP@xs=\count363
\FP@xia=\count364
\FP@xib=\count365
\FP@xfa=\count366
\FP@xfb=\count367
\FP@rega=\count368
\FP@regb=\count369
\FP@regs=\count370
\FP@times=\count371
) (/Users/mauricio/Library/TinyTeX/texmf-dist/tex/latex/fp/fp-addons.sty
Package: fp-addons 1995/03/15
) (/Users/mauricio/Library/TinyTeX/texmf-dist/tex/latex/fp/fp-snap.sty
Package: fp-snap 1995/04/05
) (/Users/mauricio/Library/TinyTeX/texmf-dist/tex/latex/fp/fp-exp.sty
Package: fp-exp 1995/04/03
) (/Users/mauricio/Library/TinyTeX/texmf-dist/tex/latex/fp/fp-trigo.sty
Package: fp-trigo 1995/04/14
) (/Users/mauricio/Library/TinyTeX/texmf-dist/tex/latex/fp/fp-pas.sty
Package: fp-pas 1994/08/29
) (/Users/mauricio/Library/TinyTeX/texmf-dist/tex/latex/fp/fp-random.sty
Package: fp-random 1995/02/23
\FPseed=\count372
) (/Users/mauricio/Library/TinyTeX/texmf-dist/tex/latex/fp/fp-eqn.sty
Package: fp-eqn 1995/04/03
) (/Users/mauricio/Library/TinyTeX/texmf-dist/tex/latex/fp/fp-upn.sty
Package: fp-upn 1996/10/21
) (/Users/mauricio/Library/TinyTeX/texmf-dist/tex/latex/fp/fp-eval.sty
Package: fp-eval 1995/04/03
)))
\@dtl@toks=\toks41
\@dtl@tmpcount=\count373
\dtl@tmplength=\skip262
\dtl@sortresult=\count374
\@dtl@numgrpsepcount=\count375
\@dtl@datatype=\count376
\dtl@codeA=\count377
\dtl@codeB=\count378
\@dtl@foreach@level=\count379
) (/Users/mauricio/Library/TinyTeX/texmf-dist/tex/latex/tracklang/tracklang.sty
Package: tracklang 2022/10/29 v1.6 (NLCT) Track Languages
(/Users/mauricio/Library/TinyTeX/texmf-dist/tex/generic/tracklang/tracklang.tex)) (/Users/mauricio/Library/TinyTeX/texmf-dist/tex/latex/glossaries-english/glossaries-english.ldf
File: glossaries-english.ldf 2014/11/23 v1.0
) (/Users/mauricio/Library/TinyTeX/texmf-dist/tex/latex/glossaries-portuges/glossaries-pt-BR.ldf
File: glossaries-pt-BR.ldf 2014/11/23 v1.0
(/Users/mauricio/Library/TinyTeX/texmf-dist/tex/latex/glossaries-portuges/glossaries-portuges-utf8.ldf))
\gls@level=\count380
\@gls@tmpb=\toks42
\gls@tmplen=\skip263

Package glossaries Warning: Overriding \printglossary on input line 6157.

\c@glossarysubentry=\count381

Package glossaries Warning: Overriding `theglossary' environment on input line 6751.

\glskeylisttok=\toks43
\glslabeltok=\toks44
\glsshorttok=\toks45
\glslongtok=\toks46
(/Users/mauricio/Library/TinyTeX/texmf-dist/tex/latex/glossaries/styles/glossary-hypernav.sty
Package: glossary-hypernav 2022/11/03 v4.52 (NLCT)
) (/Users/mauricio/Library/TinyTeX/texmf-dist/tex/latex/glossaries/styles/glossary-list.sty
Package: glossary-list 2022/11/03 v4.52 (NLCT)
\glslistdottedwidth=\skip264
) (/Users/mauricio/Library/TinyTeX/texmf-dist/tex/latex/glossaries/styles/glossary-long.sty
Package: glossary-long 2022/11/03 v4.52 (NLCT)
(/Users/mauricio/Library/TinyTeX/texmf-dist/tex/latex/tools/longtable.sty
Package: longtable 2021-09-01 v4.17 Multi-page Table package (DPC)
\LTleft=\skip265
\LTright=\skip266
\LTpre=\skip267
\LTpost=\skip268
\LTchunksize=\count382
\LTcapwidth=\dimen266
\LT@head=\box63
\LT@firsthead=\box64
\LT@foot=\box65
\LT@lastfoot=\box66
\LT@gbox=\box67
\LT@cols=\count383
\LT@rows=\count384
\c@LT@tables=\count385
\c@LT@chunks=\count386
\LT@p@ftn=\toks47
)
\glsdescwidth=\skip269
\glspagelistwidth=\skip270
) (/Users/mauricio/Library/TinyTeX/texmf-dist/tex/latex/glossaries/styles/glossary-tree.sty
Package: glossary-tree 2022/11/03 v4.52 (NLCT)
\glstreeindent=\skip271
)) (/Users/mauricio/Library/TinyTeX/texmf-dist/tex/latex/fourier/fourier.sty
Package: fourier 2022/02/05 2.3 fourier-GUTenberg package

Package fourier Warning: Please consider loading "fourier-otf.sty" instead of
(fourier)                "fourier.sty" with Unicode engines LuaTeX or XeTeX,
(fourier)                so that Type1 fonts get replaced by OpenType fonts.
(fourier)                See file "Erewhon-Math.pdf" for more information.

(/Users/mauricio/Library/TinyTeX/texmf-dist/tex/latex/base/fontenc.sty
Package: fontenc 2021/04/29 v2.0v Standard LaTeX package
LaTeX Font Info:    Trying to load font information for T1+futs on input line 112.
(/Users/mauricio/Library/TinyTeX/texmf-dist/tex/latex/fourier/t1futs.fd
File: t1futs.fd 2004/03/02 Fontinst v1.926 font definitions for T1/futs.
)) (/Users/mauricio/Library/TinyTeX/texmf-dist/tex/latex/base/textcomp.sty
Package: textcomp 2020/02/02 v2.0n Standard LaTeX package
) (/Users/mauricio/Library/TinyTeX/texmf-dist/tex/latex/fourier/fourier-orns.sty
Package: fourier-orns 2022/02/05 2.3 fourier-ornaments package
)
LaTeX Font Info:    Redeclaring symbol font `operators' on input line 63.
LaTeX Font Info:    Encoding `OT1' has changed to `T1' for symbol font
(Font)              `operators' in the math version `normal' on input line 63.
LaTeX Font Info:    Overwriting symbol font `operators' in version `normal'
(Font)                  OT1/cmr/m/n --> T1/futs/m/n on input line 63.
LaTeX Font Info:    Encoding `OT1' has changed to `T1' for symbol font
(Font)              `operators' in the math version `bold' on input line 63.
LaTeX Font Info:    Overwriting symbol font `operators' in version `bold'
(Font)                  OT1/cmr/bx/n --> T1/futs/m/n on input line 63.
LaTeX Font Info:    Overwriting symbol font `operators' in version `bold'
(Font)                  T1/futs/m/n --> T1/futs/b/n on input line 64.
LaTeX Font Info:    Redeclaring symbol font `letters' on input line 72.
LaTeX Font Info:    Encoding `OML' has changed to `FML' for symbol font
(Font)              `letters' in the math version `normal' on input line 72.
LaTeX Font Info:    Overwriting symbol font `letters' in version `normal'
(Font)                  OML/cmm/m/it --> FML/futmi/m/it on input line 72.
LaTeX Font Info:    Encoding `OML' has changed to `FML' for symbol font
(Font)              `letters' in the math version `bold' on input line 72.
LaTeX Font Info:    Overwriting symbol font `letters' in version `bold'
(Font)                  OML/cmm/b/it --> FML/futmi/m/it on input line 72.
\symotherletters=\mathgroup4
LaTeX Font Info:    Overwriting symbol font `letters' in version `bold'
(Font)                  FML/futmi/m/it --> FML/futmi/b/it on input line 74.
LaTeX Font Info:    Overwriting symbol font `otherletters' in version `bold'
(Font)                  FML/futm/m/it --> FML/futm/b/it on input line 75.
LaTeX Font Info:    Redeclaring math symbol \Gamma on input line 76.
LaTeX Font Info:    Redeclaring math symbol \Delta on input line 77.
LaTeX Font Info:    Redeclaring math symbol \Theta on input line 78.
LaTeX Font Info:    Redeclaring math symbol \Lambda on input line 79.
LaTeX Font Info:    Redeclaring math symbol \Xi on input line 80.
LaTeX Font Info:    Redeclaring math symbol \Pi on input line 81.
LaTeX Font Info:    Redeclaring math symbol \Sigma on input line 82.
LaTeX Font Info:    Redeclaring math symbol \Upsilon on input line 83.
LaTeX Font Info:    Redeclaring math symbol \Phi on input line 84.
LaTeX Font Info:    Redeclaring math symbol \Psi on input line 85.
LaTeX Font Info:    Redeclaring math symbol \Omega on input line 86.
LaTeX Font Info:    Redeclaring symbol font `symbols' on input line 126.
LaTeX Font Info:    Encoding `OMS' has changed to `FMS' for symbol font
(Font)              `symbols' in the math version `normal' on input line 126.
LaTeX Font Info:    Overwriting symbol font `symbols' in version `normal'
(Font)                  OMS/cmsy/m/n --> FMS/futm/m/n on input line 126.
LaTeX Font Info:    Encoding `OMS' has changed to `FMS' for symbol font
(Font)              `symbols' in the math version `bold' on input line 126.
LaTeX Font Info:    Overwriting symbol font `symbols' in version `bold'
(Font)                  OMS/cmsy/b/n --> FMS/futm/m/n on input line 126.
LaTeX Font Info:    Redeclaring symbol font `largesymbols' on input line 127.
LaTeX Font Info:    Encoding `OMX' has changed to `FMX' for symbol font
(Font)              `largesymbols' in the math version `normal' on input line 127.
LaTeX Font Info:    Overwriting symbol font `largesymbols' in version `normal'
(Font)                  OMX/cmex/m/n --> FMX/futm/m/n on input line 127.
LaTeX Font Info:    Encoding `OMX' has changed to `FMX' for symbol font
(Font)              `largesymbols' in the math version `bold' on input line 127.
LaTeX Font Info:    Overwriting symbol font `largesymbols' in version `bold'
(Font)                  OMX/cmex/m/n --> FMX/futm/m/n on input line 127.
LaTeX Font Info:    Redeclaring math alphabet \mathbf on input line 128.
LaTeX Font Info:    Overwriting math alphabet `\mathbf' in version `normal'
(Font)                  OT1/cmr/bx/n --> T1/futs/bx/n on input line 128.
LaTeX Font Info:    Overwriting math alphabet `\mathbf' in version `bold'
(Font)                  OT1/cmr/bx/n --> T1/futs/bx/n on input line 128.
LaTeX Font Info:    Redeclaring math alphabet \mathrm on input line 129.
LaTeX Font Info:    Redeclaring math alphabet \mathit on input line 130.
LaTeX Font Info:    Overwriting math alphabet `\mathit' in version `normal'
(Font)                  OT1/cmr/m/it --> T1/futs/m/it on input line 130.
LaTeX Font Info:    Overwriting math alphabet `\mathit' in version `bold'
(Font)                  OT1/cmr/bx/it --> T1/futs/m/it on input line 130.
LaTeX Font Info:    Redeclaring math alphabet \mathcal on input line 131.
LaTeX Font Info:    Redeclaring math symbol \parallel on input line 147.
LaTeX Font Info:    Redeclaring math symbol \hbar on input line 161.
LaTeX Font Info:    Redeclaring math symbol \varkappa on input line 199.
LaTeX Font Info:    Redeclaring math symbol \varvarrho on input line 200.
LaTeX Font Info:    Redeclaring math delimiter \Vert on input line 223.
LaTeX Font Info:    Redeclaring math delimiter \vert on input line 228.
LaTeX Font Info:    Redeclaring math delimiter \lvert on input line 230.
LaTeX Font Info:    Redeclaring math delimiter \rvert on input line 232.
LaTeX Font Info:    Redeclaring math delimiter \lVert on input line 234.
LaTeX Font Info:    Redeclaring math delimiter \rVert on input line 236.
LaTeX Font Info:    Redeclaring math delimiter \Downarrow on input line 238.
LaTeX Font Info:    Redeclaring math delimiter \backslash on input line 240.
LaTeX Font Info:    Redeclaring math delimiter \rangle on input line 242.
LaTeX Font Info:    Redeclaring math delimiter \langle on input line 244.
LaTeX Font Info:    Redeclaring math delimiter \rbrace on input line 246.
LaTeX Font Info:    Redeclaring math delimiter \lbrace on input line 248.
LaTeX Font Info:    Redeclaring math delimiter \rceil on input line 250.
LaTeX Font Info:    Redeclaring math delimiter \lceil on input line 252.
LaTeX Font Info:    Redeclaring math delimiter \rfloor on input line 254.
LaTeX Font Info:    Redeclaring math delimiter \lfloor on input line 256.
LaTeX Font Info:    Redeclaring math accent \acute on input line 260.
LaTeX Font Info:    Redeclaring math accent \grave on input line 261.
LaTeX Font Info:    Redeclaring math accent \ddot on input line 262.
LaTeX Font Info:    Redeclaring math accent \tilde on input line 263.
LaTeX Font Info:    Redeclaring math accent \bar on input line 264.
LaTeX Font Info:    Redeclaring math accent \breve on input line 265.
LaTeX Font Info:    Redeclaring math accent \check on input line 266.
LaTeX Font Info:    Redeclaring math accent \hat on input line 267.
LaTeX Font Info:    Redeclaring math accent \dot on input line 268.
LaTeX Font Info:    Redeclaring math accent \mathring on input line 269.
\symUfutm=\mathgroup5
) (/Users/mauricio/Library/TinyTeX/texmf-dist/tex/latex/mathastext/mathastext.sty
Package: mathastext 2022/11/04 v1.3y Use the text font in math mode (JFB)
\mst@exists@muskip=\muskip18
\mst@forall@muskip=\muskip19
\mst@prime@muskip=\muskip20
\mst@do@nonletters=\toks48
\mst@do@easynonletters=\toks49
\mst@do@az=\toks50
\mst@do@AZ=\toks51
\symmtoperatorfont=\mathgroup6
\symmtletterfont=\mathgroup7
** ! and ?
** punctuation: , . : ; and \colon
LaTeX Info: Redefining \rightarrowfill on input line 847.
LaTeX Info: Redefining \leftarrowfill on input line 852.
** + and =
** adding = ; and + to \nfss@catcodes
** parentheses ( ) [ ] and slash /
** alldelims: < > \backslash \setminus | \vert \mid \{ and \}
LaTeX Font Info:    Redeclaring math delimiter \backslash on input line 989.
LaTeX Font Info:    Redeclaring math symbol \setminus on input line 1001.
LaTeX Info: Redefining \models on input line 1010.
** \# \mathdollar \% \& 
** \imath and \jmath 
LaTeX Font Info:    Overwriting math alphabet `\mathnormalbold' in version `normal'
(Font)                  T1/phv/b/it --> T1/phv/b/it on input line 2370.
LaTeX Font Info:    Overwriting math alphabet `\mathnormalbold' in version `bold'
(Font)                  T1/phv/b/it --> T1/phv/b/it on input line 2370.
LaTeX Font Info:    Overwriting symbol font `mtletterfont' in version `normal'
(Font)                  T1/phv/m/it --> T1/phv/m/it on input line 2370.
LaTeX Font Info:    Overwriting symbol font `mtletterfont' in version `bold'
(Font)                  T1/phv/m/it --> T1/phv/b/it on input line 2370.
LaTeX Font Info:    Overwriting symbol font `mtoperatorfont' in version `normal'
(Font)                  T1/phv/m/n --> T1/phv/m/n on input line 2370.
LaTeX Font Info:    Overwriting symbol font `mtoperatorfont' in version `bold'
(Font)                  T1/phv/m/n --> T1/phv/b/n on input line 2370.
LaTeX Font Info:    Overwriting math alphabet `\Mathbf' in version `normal'
(Font)                  T1/phv/b/n --> T1/phv/b/n on input line 2370.
LaTeX Font Info:    Overwriting math alphabet `\Mathbf' in version `bold'
(Font)                  T1/phv/b/n --> T1/phv/b/n on input line 2370.
LaTeX Font Info:    Overwriting math alphabet `\Mathit' in version `normal'
(Font)                  T1/phv/m/it --> T1/phv/m/it on input line 2370.
LaTeX Font Info:    Overwriting math alphabet `\Mathit' in version `bold'
(Font)                  T1/phv/m/it --> T1/phv/b/it on input line 2370.
LaTeX Font Info:    Overwriting math alphabet `\Mathsf' in version `normal'
(Font)                  T1/phv/m/n --> T1/phv/m/n on input line 2370.
LaTeX Font Info:    Overwriting math alphabet `\Mathsf' in version `bold'
(Font)                  T1/phv/m/n --> T1/phv/b/n on input line 2370.
LaTeX Font Info:    Overwriting math alphabet `\Mathtt' in version `normal'
(Font)                  T1/lmtt/m/n --> T1/lmtt/m/n on input line 2370.
LaTeX Font Info:    Overwriting math alphabet `\Mathtt' in version `bold'
(Font)                  T1/lmtt/m/n --> T1/lmtt/b/n on input line 2370.
** Latin letters in the `normal' (resp. `bold') math versions are now
** set up to use the fonts T1/phv/m(b)/it
** Other characters (digits, ...) and \log-like names will be
** typeset with the n shape.
** \hbar
** minus as endash
) (/Users/mauricio/Library/TinyTeX/texmf-dist/tex/latex/biblatex/biblatex.sty
Package: biblatex 2022/07/12 v3.18b programmable bibliographies (PK/MW)
(/Users/mauricio/Library/TinyTeX/texmf-dist/tex/latex/logreq/logreq.sty
Package: logreq 2010/08/04 v1.0 xml request logger
\lrq@indent=\count387
(/Users/mauricio/Library/TinyTeX/texmf-dist/tex/latex/logreq/logreq.def
File: logreq.def 2010/08/04 v1.0 logreq spec v1.0
))
\c@tabx@nest=\count388
\c@listtotal=\count389
\c@listcount=\count390
\c@liststart=\count391
\c@liststop=\count392
\c@citecount=\count393
\c@citetotal=\count394
\c@multicitecount=\count395
\c@multicitetotal=\count396
\c@instcount=\count397
\c@maxnames=\count398
\c@minnames=\count399
\c@maxitems=\count400
\c@minitems=\count401
\c@citecounter=\count402
\c@maxcitecounter=\count403
\c@savedcitecounter=\count404
\c@uniquelist=\count405
\c@uniquename=\count406
\c@refsection=\count407
\c@refsegment=\count408
\c@maxextratitle=\count409
\c@maxextratitleyear=\count410
\c@maxextraname=\count411
\c@maxextradate=\count412
\c@maxextraalpha=\count413
\c@abbrvpenalty=\count414
\c@highnamepenalty=\count415
\c@lownamepenalty=\count416
\c@maxparens=\count417
\c@parenlevel=\count418
\blx@tempcnta=\count419
\blx@tempcntb=\count420
\blx@tempcntc=\count421
\c@blx@maxsection=\count422
\blx@maxsegment@0=\count423
\blx@notetype=\count424
\blx@parenlevel@text=\count425
\blx@parenlevel@foot=\count426
\blx@sectionciteorder@0=\count427
\blx@sectionciteorderinternal@0=\count428
\blx@entrysetcounter=\count429
\blx@biblioinstance=\count430
\labelnumberwidth=\skip272
\labelalphawidth=\skip273
\biblabelsep=\skip274
\bibnamesep=\skip275
\bibinitsep=\skip276
\bibparsep=\skip277
\bibhang=\skip278
\blx@bcfin=\read4
\blx@bcfout=\write4
\blx@langwohyphens=\language6
\c@mincomprange=\count431
\c@maxcomprange=\count432
\c@mincompwidth=\count433
Package biblatex Info: Trying to load biblatex default data model...
Package biblatex Info: ... file 'blx-dm.def' found.
(/Users/mauricio/Library/TinyTeX/texmf-dist/tex/latex/biblatex/blx-dm.def
File: blx-dm.def 2022/07/12 v3.18b biblatex localization (PK/MW)
)
Package biblatex Info: Trying to load biblatex style data model...
Package biblatex Info: ... file 'abnt.dbx' not found.
Package biblatex Info: Trying to load biblatex custom data model...
Package biblatex Info: ... file 'biblatex-dm.cfg' not found.
\c@afterword=\count434
\c@savedafterword=\count435
\c@annotator=\count436
\c@savedannotator=\count437
\c@author=\count438
\c@savedauthor=\count439
\c@bookauthor=\count440
\c@savedbookauthor=\count441
\c@commentator=\count442
\c@savedcommentator=\count443
\c@editor=\count444
\c@savededitor=\count445
\c@editora=\count446
\c@savededitora=\count447
\c@editorb=\count448
\c@savededitorb=\count449
\c@editorc=\count450
\c@savededitorc=\count451
\c@foreword=\count452
\c@savedforeword=\count453
\c@holder=\count454
\c@savedholder=\count455
\c@introduction=\count456
\c@savedintroduction=\count457
\c@namea=\count458
\c@savednamea=\count459
\c@nameb=\count460
\c@savednameb=\count461
\c@namec=\count462
\c@savednamec=\count463
\c@translator=\count464
\c@savedtranslator=\count465
\c@shortauthor=\count466
\c@savedshortauthor=\count467
\c@shorteditor=\count468
\c@savedshorteditor=\count469
\c@labelname=\count470
\c@savedlabelname=\count471
\c@institution=\count472
\c@savedinstitution=\count473
\c@lista=\count474
\c@savedlista=\count475
\c@listb=\count476
\c@savedlistb=\count477
\c@listc=\count478
\c@savedlistc=\count479
\c@listd=\count480
\c@savedlistd=\count481
\c@liste=\count482
\c@savedliste=\count483
\c@listf=\count484
\c@savedlistf=\count485
\c@location=\count486
\c@savedlocation=\count487
\c@organization=\count488
\c@savedorganization=\count489
\c@origlocation=\count490
\c@savedoriglocation=\count491
\c@origpublisher=\count492
\c@savedorigpublisher=\count493
\c@publisher=\count494
\c@savedpublisher=\count495
\c@language=\count496
\c@savedlanguage=\count497
\c@origlanguage=\count498
\c@savedoriglanguage=\count499
\c@pageref=\count500
\c@savedpageref=\count501
\shorthandwidth=\skip279
\shortjournalwidth=\skip280
\shortserieswidth=\skip281
\shorttitlewidth=\skip282
\shortauthorwidth=\skip283
\shorteditorwidth=\skip284
\locallabelnumberwidth=\skip285
\locallabelalphawidth=\skip286
\localshorthandwidth=\skip287
\localshortjournalwidth=\skip288
\localshortserieswidth=\skip289
\localshorttitlewidth=\skip290
\localshortauthorwidth=\skip291
\localshorteditorwidth=\skip292
Package biblatex Info: Trying to load enhanced support for Unicode engines...
Package biblatex Info: ... file 'blx-unicode.def' found.
(/Users/mauricio/Library/TinyTeX/texmf-dist/tex/latex/biblatex/blx-unicode.def)
Package biblatex Info: Trying to load compatibility code...
Package biblatex Info: ... file 'blx-compat.def' found.
(/Users/mauricio/Library/TinyTeX/texmf-dist/tex/latex/biblatex/blx-compat.def
File: blx-compat.def 2022/07/12 v3.18b biblatex compatibility (PK/MW)
)
Package biblatex Info: Trying to load generic definitions...
Package biblatex Info: ... file 'biblatex.def' found.
(/Users/mauricio/Library/TinyTeX/texmf-dist/tex/latex/biblatex/biblatex.def
File: biblatex.def 2022/07/12 v3.18b biblatex compatibility (PK/MW)
\c@textcitecount=\count502
\c@textcitetotal=\count503
\c@textcitemaxnames=\count504
\c@biburlbigbreakpenalty=\count505
\c@biburlbreakpenalty=\count506
\c@biburlnumpenalty=\count507
\c@biburlucpenalty=\count508
\c@biburllcpenalty=\count509
\biburlbigskip=\muskip21
\biburlnumskip=\muskip22
\biburlucskip=\muskip23
\biburllcskip=\muskip24
\c@smartand=\count510
)
Package biblatex Info: Trying to load bibliography style 'abnt'...
Package biblatex Info: ... file 'abnt.bbx' found.
(/Users/mauricio/Library/TinyTeX/texmf-dist/tex/latex/biblatex-abnt/abnt.bbx
File: abnt.bbx 2018-11-17 v3.4 ABNT BibLaTeX citation style
(/Users/mauricio/Library/TinyTeX/texmf-dist/tex/latex/l3packages/xparse/xparse.sty (/Users/mauricio/Library/TinyTeX/texmf-dist/tex/latex/l3kernel/expl3.sty
Package: expl3 2022-11-02 L3 programming layer (loader) 
(/Users/mauricio/Library/TinyTeX/texmf-dist/tex/latex/l3backend/l3backend-xetex.def
File: l3backend-xetex.def 2022-10-26 L3 backend support: XeTeX
\g__graphics_track_int=\count511
\l__pdf_internal_box=\box68
\g__pdf_backend_object_int=\count512
\g__pdf_backend_annotation_int=\count513
\g__pdf_backend_link_int=\count514
))
Package: xparse 2022-06-22 L3 Experimental document command parser
) (/Users/mauricio/Library/TinyTeX/texmf-dist/tex/latex/xpatch/xpatch.sty
Package: xpatch 2020/03/25 v0.3a Extending etoolbox patching commands
)
Package biblatex Info: Trying to load bibliography style 'standard'...
Package biblatex Info: ... file 'standard.bbx' found.
(/Users/mauricio/Library/TinyTeX/texmf-dist/tex/latex/biblatex/bbx/standard.bbx
File: standard.bbx 2022/07/12 v3.18b biblatex bibliography style (PK/MW)
\c@bbx:relatedcount=\count515
\c@bbx:relatedtotal=\count516
))
Package biblatex Info: Trying to load citation style 'abnt'...
Package biblatex Info: ... file 'abnt.cbx' found.
(/Users/mauricio/Library/TinyTeX/texmf-dist/tex/latex/biblatex-abnt/abnt.cbx
File: abnt.cbx 2018-11-17 v3.4 ABNT BibLaTeX citation style
Package biblatex Info: Trying to load citation style 'authoryear-comp'...
Package biblatex Info: ... file 'authoryear-comp.cbx' found.
(/Users/mauricio/Library/TinyTeX/texmf-dist/tex/latex/biblatex/cbx/authoryear-comp.cbx
File: authoryear-comp.cbx 2022/07/12 v3.18b biblatex citation style (PK/MW)
Package biblatex Info: Redefining '\cite'.
Package biblatex Info: Redefining '\parencite'.
Package biblatex Info: Redefining '\footcite'.
Package biblatex Info: Redefining '\footcitetext'.
Package biblatex Info: Redefining '\smartcite'.
Package biblatex Info: Redefining '\textcite'.
Package biblatex Info: Redefining '\textcites'.
Package biblatex Info: Redefining '\cites'.
Package biblatex Info: Redefining '\parencites'.
Package biblatex Info: Redefining '\footcites'.
Package biblatex Info: Redefining '\footcitetexts'.
Package biblatex Info: Redefining '\smartcites'.
)
Package biblatex Info: Redefining '\cite'.
Package biblatex Info: Redefining '\cites'.
Package biblatex Info: Redefining '\footcite'.
Package biblatex Info: Redefining '\footcites'.
Package biblatex Info: Redefining '\citetitle'.
Package biblatex Info: Redefining '\smartcite'.
Package biblatex Info: Redefining '\citeauthor'.
Package biblatex Info: Redefining '\citeyear'.
)
Package biblatex Info: Trying to load configuration file...
Package biblatex Info: ... file 'biblatex.cfg' found.
(/Users/mauricio/Library/TinyTeX/texmf-dist/tex/latex/biblatex/biblatex.cfg
File: biblatex.cfg 
)
Package biblatex Info: XeTeX detected.
(biblatex)             Assuming input encoding 'utf8'.
Package biblatex Info: Document encoding is UTF8 ....
Package biblatex Info: ... and expl3
(biblatex)             2022-11-02 L3 programming layer (loader) 
(biblatex)             is new enough (at least 2020/04/06),
(biblatex)             setting 'casechanger=expl3'.
(/Users/mauricio/Library/TinyTeX/texmf-dist/tex/latex/biblatex/blx-case-expl3.sty
Package: blx-case-expl3 2022/07/12 v3.18b expl3 case changing code for biblatex
))
LaTeX Font Info:    Redeclaring symbol font `largesymbols' on input line 83.
LaTeX Font Info:    Encoding `FMX' has changed to `OMX' for symbol font
(Font)              `largesymbols' in the math version `normal' on input line 83.
LaTeX Font Info:    Overwriting symbol font `largesymbols' in version `normal'
(Font)                  FMX/futm/m/n --> OMX/helvet/m/n on input line 83.
LaTeX Font Info:    Encoding `FMX' has changed to `OMX' for symbol font
(Font)              `largesymbols' in the math version `bold' on input line 83.
LaTeX Font Info:    Overwriting symbol font `largesymbols' in version `bold'
(Font)                  FMX/futm/m/n --> OMX/helvet/m/n on input line 83.
LaTeX Font Info:    Redeclaring math accent \wideparen on input line 84.
\c@quadro=\count517
\c@loqdepth=\count518
\cftbeforequadroskip=\skip293
\cftquadroindent=\skip294
\cftquadronumwidth=\skip295
) (/Users/mauricio/Library/TinyTeX/texmf-dist/tex/latex/xcolor/xcolor.sty
Package: xcolor 2022/06/12 v2.14 LaTeX color extensions (UK)
(/Users/mauricio/Library/TinyTeX/texmf-dist/tex/latex/graphics-cfg/color.cfg
File: color.cfg 2016/01/02 v1.6 sample color configuration
)
Package xcolor Info: Driver file: xetex.def on input line 227.
(/Users/mauricio/Library/TinyTeX/texmf-dist/tex/latex/colortbl/colortbl.sty
Package: colortbl 2022/06/20 v1.0f Color table columns (DPC)
\everycr=\toks52
\minrowclearance=\skip296
\rownum=\count519
)
LaTeX Info: Redefining \color on input line 711.
(/Users/mauricio/Library/TinyTeX/texmf-dist/tex/latex/graphics/mathcolor.ltx)
Package xcolor Info: Model `cmy' substituted by `cmy0' on input line 1353.
Package xcolor Info: Model `RGB' extended on input line 1369.
Package xcolor Info: Model `HTML' substituted by `rgb' on input line 1371.
Package xcolor Info: Model `Hsb' substituted by `hsb' on input line 1372.
Package xcolor Info: Model `tHsb' substituted by `hsb' on input line 1373.
Package xcolor Info: Model `HSB' substituted by `hsb' on input line 1374.
Package xcolor Info: Model `Gray' substituted by `gray' on input line 1375.
Package xcolor Info: Model `wave' substituted by `hsb' on input line 1376.
) (/Users/mauricio/Library/TinyTeX/texmf-dist/tex/latex/floatrow/floatrow.sty
Package: floatrow 2008/08/02 v0.3b floatrow: float package extension
(/Users/mauricio/Library/TinyTeX/texmf-dist/tex/latex/caption/caption3.sty
Package: caption3 2022/03/17 v2.3b caption3 kernel (AR)
\caption@tempdima=\dimen267
\captionmargin=\dimen268
\caption@leftmargin=\dimen269
\caption@rightmargin=\dimen270
\caption@width=\dimen271
\caption@indent=\dimen272
\caption@parindent=\dimen273
\caption@hangindent=\dimen274
Package caption Info: memoir document class detected.
(/Users/mauricio/Library/TinyTeX/texmf-dist/tex/latex/caption/caption-memoir.sto
File: caption-memoir.sto 2022/03/02 v2.2b Adaption of the caption package to the memoir document class (AR)
))
\c@float@type=\count520
\float@exts=\toks53
\float@box=\box69
\@floatcapt=\box70
Package floatrow Info: Modified float package code loaded on input line 455.
Package floatrow Info: Modified rotfloat package code loaded on input line 473.
\FR@everyfloat=\toks54
\flrow@foot=\insert247
\FB@wd=\dimen275
\FBo@wd=\dimen276
\FBc@wd=\dimen277
\FBo@ht=\skip297
\FBc@ht=\skip298
\FBf@ht=\skip299
\FBo@max=\skip300
\FBc@max=\skip301
\FBf@max=\skip302
\c@FBl@b=\count521
\floatbox@depth=\count522
\c@FRobj=\count523
\c@FRsobj=\count524
\Xhsize=\skip303
\sXhsize=\skip304
\Zhsize=\skip305
\sZhsize=\skip306
\flrow@rowbox=\box71
\FR@Zunitlength=\dimen278
\c@FBcnt=\count525
\FPOScnt=\count526
\LTleft=\skip307
\LTright=\skip308
\LTleft=\skip309
\LTright=\skip310
\flrow@types=\toks55
) (/Users/mauricio/Library/TinyTeX/texmf-dist/tex/latex/fancyvrb/fancyvrb.sty
Package: fancyvrb 2022/06/06 4.5 verbatim text (tvz,hv)
\FV@CodeLineNo=\count527
\FV@InFile=\read5
\FV@TabBox=\box72
\c@FancyVerbLine=\count528
\FV@StepNumber=\count529
\FV@OutFile=\write5
) (/Users/mauricio/Library/TinyTeX/texmf-dist/tex/latex/framed/framed.sty
Package: framed 2011/10/22 v 0.96: framed or shaded text with page breaks
\OuterFrameSep=\skip311
\fb@frw=\dimen279
\fb@frh=\dimen280
)
Package hyperref Info: Option `colorlinks' set `true' on input line 202.

LaTeX Warning: \include should only be used after \begin{document} on input line 211.

(./lista_siglas.tex)

LaTeX Warning: \include should only be used after \begin{document} on input line 214.

(./lista_simbolos.tex)
\index@idxfile=\write6
\openout6 = `index.idx'.

Writing index file index.idx 
Package csquotes Info: Checking for multilingual support...
Package csquotes Info: ... found 'babel' package.
Package csquotes Info: Adjusting default style.
Package csquotes Info: Redefining alias 'default' -> 'brazil'.
LaTeX Font Info:    Trying to load font information for T1+phv on input line 230.
(/Users/mauricio/Library/TinyTeX/texmf-dist/tex/latex/psnfss/t1phv.fd
File: t1phv.fd 2020/03/25 scalable font definitions for T1/phv.
) (./index.aux)
\openout1 = `index.aux'.

LaTeX Font Info:    Checking defaults for OML/cmm/m/it on input line 230.
LaTeX Font Info:    ... okay on input line 230.
LaTeX Font Info:    Checking defaults for OMS/cmsy/m/n on input line 230.
LaTeX Font Info:    ... okay on input line 230.
LaTeX Font Info:    Checking defaults for OT1/cmr/m/n on input line 230.
LaTeX Font Info:    ... okay on input line 230.
LaTeX Font Info:    Checking defaults for T1/cmr/m/n on input line 230.
LaTeX Font Info:    ... okay on input line 230.
LaTeX Font Info:    Checking defaults for TS1/cmr/m/n on input line 230.
LaTeX Font Info:    Trying to load font information for TS1+cmr on input line 230.
(/Users/mauricio/Library/TinyTeX/texmf-dist/tex/latex/base/ts1cmr.fd
File: ts1cmr.fd 2022/07/10 v2.5l Standard LaTeX font definitions
)
LaTeX Font Info:    ... okay on input line 230.
LaTeX Font Info:    Checking defaults for TU/lmr/m/n on input line 230.
LaTeX Font Info:    ... okay on input line 230.
LaTeX Font Info:    Checking defaults for OMX/cmex/m/n on input line 230.
LaTeX Font Info:    ... okay on input line 230.
LaTeX Font Info:    Checking defaults for U/cmr/m/n on input line 230.
LaTeX Font Info:    ... okay on input line 230.
LaTeX Font Info:    Checking defaults for PD1/pdf/m/n on input line 230.
LaTeX Font Info:    ... okay on input line 230.
LaTeX Font Info:    Checking defaults for PU/pdf/m/n on input line 230.
LaTeX Font Info:    ... okay on input line 230.
LaTeX Font Info:    Checking defaults for FML/futm/m/it on input line 230.
LaTeX Font Info:    Trying to load font information for FML+futm on input line 230.
(/Users/mauricio/Library/TinyTeX/texmf-dist/tex/latex/fourier/fmlfutm.fd
File: fmlfutm.fd 2004/10/30 Fontinst v1.926 font definitions for FML/futm.
)
LaTeX Font Info:    ... okay on input line 230.
LaTeX Font Info:    Checking defaults for FMS/futm/m/n on input line 230.
LaTeX Font Info:    Trying to load font information for FMS+futm on input line 230.
(/Users/mauricio/Library/TinyTeX/texmf-dist/tex/latex/fourier/fmsfutm.fd
File: fmsfutm.fd 2004/10/30 Fontinst v1.926 font definitions for FMS/futm.
)
LaTeX Font Info:    ... okay on input line 230.
LaTeX Font Info:    Checking defaults for FMX/futm/m/n on input line 230.
LaTeX Font Info:    Trying to load font information for FMX+futm on input line 230.
(/Users/mauricio/Library/TinyTeX/texmf-dist/tex/latex/fourier/fmxfutm.fd
File: fmxfutm.fd futm-extension
)
LaTeX Font Info:    ... okay on input line 230.
Package hyperref Info: Link coloring ON on input line 230.
\myptabbox=\box73
\myptabboxwidth=\skip312
LaTeX Info: Redefining \microtypecontext on input line 230.
Package microtype Info: Applying patch `item' on input line 230.
Package microtype Info: Applying patch `toc' on input line 230.
Package microtype Info: Applying patch `eqnum' on input line 230.
Package microtype Info: Applying patch `footnote' on input line 230.
Package microtype Info: Character protrusion enabled (level 2),
(microtype)             factor: 1100.
Package microtype Info: Using default protrusion set `alltext'.
Package microtype Info: No adjustment of tracking.
Package microtype Info: No adjustment of spacing.
Package microtype Info: No adjustment of kerning.
Package microtype Info: Loading generic protrusion settings for font family
(microtype)             `phv' (encoding: T1).
(microtype)             For optimal results, create family-specific settings.
(microtype)             See the microtype manual for details.
(/Users/mauricio/Library/TinyTeX/texmf-dist/tex/latex/pdflscape/pdflscape.sty
Package: pdflscape 2022-10-27 v0.13 Display of landscape pages in PDF
(/Users/mauricio/Library/TinyTeX/texmf-dist/tex/latex/pdflscape/pdflscape-nometadata.sty
Package: pdflscape-nometadata 2022-10-28 v0.13 Display of landscape pages in PDF (HO)
(/Users/mauricio/Library/TinyTeX/texmf-dist/tex/latex/graphics/lscape.sty
Package: lscape 2020/05/28 v3.02 Landscape Pages (DPC)
)
Package pdflscape Info: Auto-detected driver: dvipdfm (xetex) on input line 98.
))
Package mathastext Info: current meaning of amsmath \resetMathstrut@ saved on input line 230.
Package biblatex Info: Trying to load language 'brazil' -> 'brazil-abnt'...
Package biblatex Info: ... file 'brazil-abnt.lbx' found.
(/Users/mauricio/Library/TinyTeX/texmf-dist/tex/latex/biblatex-abnt/brazil-abnt.lbx
File: brazil-abnt.lbx 2018-11-17 v3.4 ABNT BibLaTeX citation style

Package biblatex Warning: File 'brazilian-abnt-abnt.lbx' not found!
(biblatex)                Ignoring mapping 'brazilian-abnt' -> 'brazilian-abnt-abnt'.

Package biblatex Info: Trying to load language 'brazilian-abnt'...
Package biblatex Info: ... file 'brazilian-abnt.lbx' found.
(/Users/mauricio/Library/TinyTeX/texmf-dist/tex/latex/biblatex-abnt/brazilian-abnt.lbx
File: brazilian-abnt.lbx 2018-11-17 v3.4 ABNT BibLaTeX citation style
Package biblatex Info: Trying to load language 'brazilian' -> 'brazilian-abnt'...
Package biblatex Info: ... file 'brazilian-abnt.lbx' found.
(/Users/mauricio/Library/TinyTeX/texmf-dist/tex/latex/biblatex-abnt/brazilian-abnt.lbx
File: brazilian-abnt.lbx 2018-11-17 v3.4 ABNT BibLaTeX citation style
Package biblatex Info: Trying to load language 'brazilian'...
Package biblatex Info: ... file 'brazilian.lbx' found.
(/Users/mauricio/Library/TinyTeX/texmf-dist/tex/latex/biblatex/lbx/brazilian.lbx
File: brazilian.lbx 2022/07/12 v3.18b biblatex localization (PK/MW)
)))
Package biblatex Info: Trying to load language 'brazilian-abnt'...
Package biblatex Info: ... file 'brazilian-abnt.lbx' found.
(/Users/mauricio/Library/TinyTeX/texmf-dist/tex/latex/biblatex-abnt/brazilian-abnt.lbx
File: brazilian-abnt.lbx 2018-11-17 v3.4 ABNT BibLaTeX citation style
Package biblatex Info: Trying to load language 'brazilian' -> 'brazilian-abnt'...
Package biblatex Info: ... file 'brazilian-abnt.lbx' found.
(/Users/mauricio/Library/TinyTeX/texmf-dist/tex/latex/biblatex-abnt/brazilian-abnt.lbx
File: brazilian-abnt.lbx 2018-11-17 v3.4 ABNT BibLaTeX citation style
Package biblatex Info: Trying to load language 'brazilian'...
Package biblatex Info: ... file 'brazilian.lbx' found.
(/Users/mauricio/Library/TinyTeX/texmf-dist/tex/latex/biblatex/lbx/brazilian.lbx
File: brazilian.lbx 2022/07/12 v3.18b biblatex localization (PK/MW)
)
Package biblatex Info: Trying to load language 'brazil'...
Package biblatex Info: ... file 'brazil.lbx' found.
(/Users/mauricio/Library/TinyTeX/texmf-dist/tex/latex/biblatex/lbx/brazil.lbx
File: brazil.lbx 2022/07/12 v3.18b biblatex localization (PK/MW)
Package biblatex Info: Trying to load language 'brazilian'...
Package biblatex Info: ... file 'brazilian.lbx' found.
(/Users/mauricio/Library/TinyTeX/texmf-dist/tex/latex/biblatex/lbx/brazilian.lbx
File: brazilian.lbx 2022/07/12 v3.18b biblatex localization (PK/MW)
)))
Package biblatex Info: Trying to load language 'brazil'...
Package biblatex Info: ... file 'brazil.lbx' found.
(/Users/mauricio/Library/TinyTeX/texmf-dist/tex/latex/biblatex/lbx/brazil.lbx
File: brazil.lbx 2022/07/12 v3.18b biblatex localization (PK/MW)
Package biblatex Info: Trying to load language 'brazilian' -> 'brazilian-abnt'...
Package biblatex Info: ... file 'brazilian-abnt.lbx' found.
(/Users/mauricio/Library/TinyTeX/texmf-dist/tex/latex/biblatex-abnt/brazilian-abnt.lbx
File: brazilian-abnt.lbx 2018-11-17 v3.4 ABNT BibLaTeX citation style
Package biblatex Info: Trying to load language 'brazilian'...
Package biblatex Info: ... file 'brazilian.lbx' found.
(/Users/mauricio/Library/TinyTeX/texmf-dist/tex/latex/biblatex/lbx/brazilian.lbx
File: brazilian.lbx 2022/07/12 v3.18b biblatex localization (PK/MW)
)
Package biblatex Info: Trying to load language 'brazil'...
Package biblatex Info: ... file 'brazil.lbx' found.
(/Users/mauricio/Library/TinyTeX/texmf-dist/tex/latex/biblatex/lbx/brazil.lbx
File: brazil.lbx 2022/07/12 v3.18b biblatex localization (PK/MW)
Package biblatex Info: Trying to load language 'brazilian'...
Package biblatex Info: ... file 'brazilian.lbx' found.
(/Users/mauricio/Library/TinyTeX/texmf-dist/tex/latex/biblatex/lbx/brazilian.lbx
File: brazilian.lbx 2022/07/12 v3.18b biblatex localization (PK/MW)
))))))
Package biblatex Info: Trying to load language 'english' -> 'english-abnt'...
Package bibla